
-------
29/41/2018 15:41:32
-------

-- phpMyAdmin SQL Dump
-- version 4.7.4
-- https://www.phpmyadmin.net/
--
-- Hôte : 127.0.0.1:3306
-- Généré le :  Dim 29 avr. 2018 à 14:03
-- Version du serveur :  5.7.19
-- Version de PHP :  5.6.31
SET SQL_MODE = "NO_AUTO_VALUE_ON_ZERO" 
SET AUTOCOMMIT = 0 
START TRANSACTION 
SET time_zone = "+00:00" 
/*!40101 SET @OLD_CHARACTER_SET_CLIENT=@@CHARACTER_SET_CLIENT */ 
/*!40101 SET @OLD_CHARACTER_SET_RESULTS=@@CHARACTER_SET_RESULTS */ 
/*!40101 SET @OLD_COLLATION_CONNECTION=@@COLLATION_CONNECTION */ 
/*!40101 SET NAMES utf8mb4 */ 
--
-- Base de données :  `jaja`
--
-- --------------------------------------------------------
--
-- Structure de la table `tablejaja`
--
DROP TABLE IF EXISTS `tablejaja` 
CREATE TABLE IF NOT EXISTS `tablejaja` (
  `qsd` int(11) NOT NULL,
  `qsdd` int(11) NOT NULL,
  `kqskdj` int(11) NOT NULL,
  `kjqskd` int(11) NOT NULL,
  PRIMARY KEY (`qsd`)
) ENGINE=InnoDB DEFAULT CHARSET=latin1 
COMMIT 
/*!40101 SET CHARACTER_SET_CLIENT=@OLD_CHARACTER_SET_CLIENT */ 
/*!40101 SET CHARACTER_SET_RESULTS=@OLD_CHARACTER_SET_RESULTS */ 
/*!40101 SET COLLATION_CONNECTION=@OLD_COLLATION_CONNECTION */ 
